# JRE version: Java(TM) SE Runtime Environment (21.0.7+8) (build 21.0.7+8-LTS-245)
# Java VM: Java HotSpot(TM) 64-Bit Server VM (21.0.7+8-LTS-245, mixed mode, sharing, tiered, compressed oops, compressed class ptrs, g1 gc, windows-amd64)
GC Precious Log:
 CardTable entry size: 512
 Card Set container configuration: InlinePtr #cards 4 size 8 Array Of Cards #cards 16 size 48 Howl #buckets 8 coarsen threshold 3686 Howl Bitmap #cards 512 size 80 coarsen threshold 460 Card regions per heap region 1 cards per card region 4096
 CPUs: 12 total, 12 available
 Memory: 16173M
 Large Page Support: Disabled
 NUMA Support: Disabled
 Compressed Oops: Enabled (Zero based)
 Heap Region Size: 2M
 Heap Min Capacity: 8M
 Heap Initial Capacity: 254M
 Heap Max Capacity: 4044M
 Pre-touch: Disabled
 Parallel Workers: 10
 Concurrent Workers: 3
 Concurrent Refinement Workers: 10
 Periodic GC: Disabled
Heap:
 garbage-first heap   total 407552K, used 298317K [0x0000000703400000, 0x0000000800000000)
  region size 2048K, 26 young (53248K), 5 survivors (10240K)
 Metaspace       used 20021K, committed 20352K, reserved 1114112K
  class space    used 2244K, committed 2432K, reserved 1048576K
GC Heap History (20 events):
Event: 76.678 GC heap before
{Heap before GC invocations=8 (full 0):
 garbage-first heap   total 260096K, used 199329K [0x0000000703400000, 0x0000000800000000)
  region size 2048K, 35 young (71680K), 6 survivors (12288K)
 Metaspace       used 20010K, committed 20352K, reserved 1114112K
  class space    used 2242K, committed 2432K, reserved 1048576K
}
Event: 76.698 GC heap after
{Heap after GC invocations=9 (full 0):
 garbage-first heap   total 260096K, used 152741K [0x0000000703400000, 0x0000000800000000)
  region size 2048K, 5 young (10240K), 5 survivors (10240K)
 Metaspace       used 20010K, committed 20352K, reserved 1114112K
  class space    used 2242K, committed 2432K, reserved 1048576K
}
Event: 88.146 GC heap before
{Heap before GC invocations=9 (full 0):
 garbage-first heap   total 260096K, used 228517K [0x0000000703400000, 0x0000000800000000)
  region size 2048K, 39 young (79872K), 5 survivors (10240K)
 Metaspace       used 20013K, committed 20352K, reserved 1114112K
  class space    used 2242K, committed 2432K, reserved 1048576K
}
Event: 88.163 GC heap after
{Heap after GC invocations=10 (full 0):
 garbage-first heap   total 260096K, used 172032K [0x0000000703400000, 0x0000000800000000)
  region size 2048K, 5 young (10240K), 5 survivors (10240K)
 Metaspace       used 20013K, committed 20352K, reserved 1114112K
  class space    used 2242K, committed 2432K, reserved 1048576K
}
Event: 97.445 GC heap before
{Heap before GC invocations=10 (full 0):
 garbage-first heap   total 260096K, used 229376K [0x0000000703400000, 0x0000000800000000)
  region size 2048K, 33 young (67584K), 5 survivors (10240K)
 Metaspace       used 20013K, committed 20352K, reserved 1114112K
  class space    used 2242K, committed 2432K, reserved 1048576K
}
Event: 97.460 GC heap after
{Heap after GC invocations=11 (full 0):
 garbage-first heap   total 260096K, used 184829K [0x0000000703400000, 0x0000000800000000)
  region size 2048K, 5 young (10240K), 5 survivors (10240K)
 Metaspace       used 20013K, committed 20352K, reserved 1114112K
  class space    used 2242K, committed 2432K, reserved 1048576K
}
Event: 105.092 GC heap before
{Heap before GC invocations=12 (full 0):
 garbage-first heap   total 294912K, used 225789K [0x0000000703400000, 0x0000000800000000)
  region size 2048K, 28 young (57344K), 5 survivors (10240K)
 Metaspace       used 20016K, committed 20352K, reserved 1114112K
  class space    used 2244K, committed 2432K, reserved 1048576K
}
Event: 105.110 GC heap after
{Heap after GC invocations=13 (full 0):
 garbage-first heap   total 294912K, used 189649K [0x0000000703400000, 0x0000000800000000)
  region size 2048K, 4 young (8192K), 4 survivors (8192K)
 Metaspace       used 20016K, committed 20352K, reserved 1114112K
  class space    used 2244K, committed 2432K, reserved 1048576K
}
Event: 116.985 GC heap before
{Heap before GC invocations=13 (full 0):
 garbage-first heap   total 294912K, used 259281K [0x0000000703400000, 0x0000000800000000)
  region size 2048K, 38 young (77824K), 4 survivors (8192K)
 Metaspace       used 20016K, committed 20352K, reserved 1114112K
  class space    used 2244K, committed 2432K, reserved 1048576K
}
Event: 117.003 GC heap after
{Heap after GC invocations=14 (full 0):
 garbage-first heap   total 294912K, used 201479K [0x0000000703400000, 0x0000000800000000)
  region size 2048K, 5 young (10240K), 5 survivors (10240K)
 Metaspace       used 20016K, committed 20352K, reserved 1114112K
  class space    used 2244K, committed 2432K, reserved 1048576K
}
Event: 119.386 GC heap before
{Heap before GC invocations=14 (full 0):
 garbage-first heap   total 294912K, used 213767K [0x0000000703400000, 0x0000000800000000)
  region size 2048K, 12 young (24576K), 5 survivors (10240K)
 Metaspace       used 20016K, committed 20352K, reserved 1114112K
  class space    used 2244K, committed 2432K, reserved 1048576K
}
Event: 119.396 GC heap after
{Heap after GC invocations=15 (full 0):
 garbage-first heap   total 294912K, used 206112K [0x0000000703400000, 0x0000000800000000)
  region size 2048K, 2 young (4096K), 2 survivors (4096K)
 Metaspace       used 20016K, committed 20352K, reserved 1114112K
  class space    used 2244K, committed 2432K, reserved 1048576K
}
Event: 129.716 GC heap before
{Heap before GC invocations=16 (full 0):
 garbage-first heap   total 348160K, used 265504K [0x0000000703400000, 0x0000000800000000)
  region size 2048K, 31 young (63488K), 2 survivors (4096K)
 Metaspace       used 20016K, committed 20352K, reserved 1114112K
  class space    used 2244K, committed 2432K, reserved 1048576K
}
Event: 129.728 GC heap after
{Heap after GC invocations=17 (full 0):
 garbage-first heap   total 348160K, used 217088K [0x0000000703400000, 0x0000000800000000)
  region size 2048K, 4 young (8192K), 4 survivors (8192K)
 Metaspace       used 20016K, committed 20352K, reserved 1114112K
  class space    used 2244K, committed 2432K, reserved 1048576K
}
Event: 143.965 GC heap before
{Heap before GC invocations=17 (full 0):
 garbage-first heap   total 348160K, used 311296K [0x0000000703400000, 0x0000000800000000)
  region size 2048K, 47 young (96256K), 4 survivors (8192K)
 Metaspace       used 20016K, committed 20352K, reserved 1114112K
  class space    used 2244K, committed 2432K, reserved 1048576K
}
Event: 143.981 GC heap after
{Heap after GC invocations=18 (full 0):
 garbage-first heap   total 348160K, used 237568K [0x0000000703400000, 0x0000000800000000)
  region size 2048K, 6 young (12288K), 6 survivors (12288K)
 Metaspace       used 20016K, committed 20352K, reserved 1114112K
  class space    used 2244K, committed 2432K, reserved 1048576K
}
Event: 155.716 GC heap before
{Heap before GC invocations=18 (full 0):
 garbage-first heap   total 348160K, used 313344K [0x0000000703400000, 0x0000000800000000)
  region size 2048K, 43 young (88064K), 6 survivors (12288K)
 Metaspace       used 20016K, committed 20352K, reserved 1114112K
  class space    used 2244K, committed 2432K, reserved 1048576K
}
Event: 155.731 GC heap after
{Heap after GC invocations=19 (full 0):
 garbage-first heap   total 348160K, used 252175K [0x0000000703400000, 0x0000000800000000)
  region size 2048K, 6 young (12288K), 6 survivors (12288K)
 Metaspace       used 20016K, committed 20352K, reserved 1114112K
  class space    used 2244K, committed 2432K, reserved 1048576K
}
Event: 165.180 GC heap before
{Heap before GC invocations=20 (full 0):
 garbage-first heap   total 407552K, used 305423K [0x0000000703400000, 0x0000000800000000)
  region size 2048K, 35 young (71680K), 6 survivors (12288K)
 Metaspace       used 20017K, committed 20352K, reserved 1114112K
  class space    used 2244K, committed 2432K, reserved 1048576K
}
Event: 165.198 GC heap after
{Heap after GC invocations=21 (full 0):
 garbage-first heap   total 407552K, used 257357K [0x0000000703400000, 0x0000000800000000)
  region size 2048K, 5 young (10240K), 5 survivors (10240K)
 Metaspace       used 20017K, committed 20352K, reserved 1114112K
  class space    used 2244K, committed 2432K, reserved 1048576K
}

